 City: punta arenas City ID: 3874787 been processed.
 City: khategaon City ID: 1266847 been processed.
 City burica pa : weather data not found
 City grand river south east mu : weather data not found
 City: lorengau City ID: 2092164 been processed.
 City goderich sl : weather data not found
 City: carnarvon City ID: 2074865 been processed.
 City: port alfred City ID: 964432 been processed.
 City illoqqortoormiut gl : weather data not found
 City: gdov City ID: 561679 been processed.
 City taolanaro mg : weather data not found
 City: yellowknife City ID: 6185377 been processed.
 City mataura pf : weather data not found
 City: mazagao City ID: 3395042 been processed.
 City: ushuaia City ID: 3833367 been processed.
 City: rikitea City ID: 4030556 been processed.
 City: poum City ID: 2138555 been processed.
 City: saint-philippe City ID: 935215 been processed.
 City: kavaratti City ID: 1267390 been processed.
 City: nagorsk City ID: 523583 been processed.
 City: kahului City ID: 5847411 been processed.
 City: sangar City ID: 2017215 been processed.
 City: port elizabeth City ID: 964420 been processed.
 City: jamestown City ID: 3370903 been processed.
 City: qaanaaq City ID: 3831208 been processed.
 City: torbay City ID: 6167817 been processed.
 City: tiksi City ID: 2015306 been processed.
 City: manokwari City ID: 1636308 been processed.
 City: sept-iles City ID: 6144312 been processed.
 City: guozhen City ID: 1809263 been processed.
 City: clyde river City ID: 5924351 been processed.
 City: leningradskiy City ID: 2123814 been processed.
 City: chuy City ID: 3443061 been processed.
 City: verkhovye City ID: 474324 been processed.
 City: upernavik City ID: 3418910 been processed.
 City: tasiilaq City ID: 3424607 been processed.
 City: bethanien City ID: 3358416 been processed.
 City: puerto leguizamo City ID: 3671437 been processed.
 City: bereznik City ID: 577240 been processed.
 City: bredasdorp City ID: 1015776 been processed.
 City: bluff City ID: 2206939 been processed.
 City: taltal City ID: 3870243 been processed.
 City: dunedin City ID: 2191562 been processed.
 City airai pw : weather data not found
 City: dikson City ID: 1507390 been processed.
 City mocambique mz : weather data not found
 City vranov sk : weather data not found
 City: mahebourg City ID: 934322 been processed.
 City: east london City ID: 1006984 been processed.
 City: butaritari City ID: 2110227 been processed.
 City: balkhash City ID: 1525798 been processed.
 City: saint george City ID: 3573061 been processed.
 City: busselton City ID: 2075265 been processed.
 City: pimpri City ID: 1259652 been processed.
 City: ribeira grande City ID: 3372707 been processed.
 City: thinadhoo City ID: 1337610 been processed.
 City: husavik City ID: 2629833 been processed.
 City: sao filipe City ID: 3374210 been processed.
 City: verkh-usugli City ID: 2013459 been processed.
 City: hermanus City ID: 3366880 been processed.
 City: hilo City ID: 5855927 been processed.
 City: avarua City ID: 4035715 been processed.
 City: vaini City ID: 4032243 been processed.
 City: dwarka City ID: 1272140 been processed.
 City: lazaro cardenas City ID: 4026082 been processed.
 City: srednekolymsk City ID: 2121025 been processed.
 City: daloa City ID: 2290486 been processed.
 City: kapaa City ID: 5848280 been processed.
 City abu samrah qa : weather data not found
 City: amahai City ID: 1651591 been processed.
 City: ambanja City ID: 1083724 been processed.
 City: richards bay City ID: 962367 been processed.
 City sentyabrskiy ru : weather data not found
 City: pauini City ID: 3662927 been processed.
 City: klaksvik City ID: 2618795 been processed.
 City tsihombe mg : weather data not found
 City: sagua de tanamo City ID: 3541446 been processed.
 City: deputatskiy City ID: 2028164 been processed.
 City: lebu City ID: 3883457 been processed.
 City: hirara City ID: 1862505 been processed.
 City: yumen City ID: 1528998 been processed.
 City: georgetown City ID: 2411397 been processed.
 City: kutum City ID: 371745 been processed.
 City: albany City ID: 2077963 been processed.
 City: cidreira City ID: 3466165 been processed.
 City: touros City ID: 3386213 been processed.
 City: san policarpo City ID: 1688696 been processed.
 City: nurota City ID: 1513087 been processed.
 City: vestmannaeyjar City ID: 3412093 been processed.
 City: belyy yar City ID: 1510377 been processed.
 City: oktyabrskiy City ID: 515879 been processed.
 City: hofn City ID: 2630299 been processed.
 City: khandyga City ID: 2022773 been processed.
 City: khatanga City ID: 2022572 been processed.
 City saryshagan kz : weather data not found
 City: bethel City ID: 5282297 been processed.
 City: cape town City ID: 3369157 been processed.
 City guanica us : weather data not found
 City: kjollefjord City ID: 779261 been processed.
 City: pelotas City ID: 3454244 been processed.
 City: bam City ID: 141736 been processed.
 City: thompson City ID: 6165406 been processed.
 City: castro City ID: 3896218 been processed.
 City: lensk City ID: 2020838 been processed.
 City: pacific grove City ID: 5380437 been processed.
 City: adamas City ID: 265711 been processed.
 City bolshaya murta ru : weather data not found
 City: venado tuerto City ID: 3833062 been processed.
 City: laguna City ID: 3459094 been processed.
 City: provideniya City ID: 4031574 been processed.
 City: toora-khem City ID: 1489401 been processed.
 City: nikolskoye City ID: 546105 been processed.
 City: bayshore gardens City ID: 4146934 been processed.
 City: bintulu City ID: 1737486 been processed.
 City: kruisfontein City ID: 986717 been processed.
 City ust-kamchatsk ru : weather data not found
 City: karratha City ID: 6620339 been processed.
 City: hobart City ID: 2163355 been processed.
 City: vao City ID: 2137773 been processed.
 City: luderitz City ID: 3355672 been processed.
 City: mar del plata City ID: 3430863 been processed.
 City: hakkari City ID: 312888 been processed.
 City meyungs pw : weather data not found
 City: bengkulu City ID: 1649150 been processed.
 City codrington ag : weather data not found
 City amderma ru : weather data not found
 City: petropavlovsk-kamchatskiy City ID: 2122104 been processed.
 City palabuhanratu id : weather data not found
 City: antofagasta City ID: 3899539 been processed.
 City: krasnoselkup City ID: 1502073 been processed.
 City: carlagan City ID: 1718367 been processed.
 City: puro City ID: 1692364 been processed.
 City: palmer City ID: 4946620 been processed.
 City: stornoway City ID: 2636790 been processed.
 City: shache City ID: 1280037 been processed.
 City: puerto ayora City ID: 3652764 been processed.
 City: vilyuysk City ID: 2013392 been processed.
 City: kaitangata City ID: 2208248 been processed.
 City: cururupu City ID: 3401148 been processed.
 City: mayor pablo lagerenza City ID: 3867427 been processed.
 City: seydisehir City ID: 301010 been processed.
 City: conde City ID: 3385077 been processed.
 City: rabo de peixe City ID: 3372745 been processed.
 City: polis City ID: 146137 been processed.
 City: ilo City ID: 3938415 been processed.
 City: arraial do cabo City ID: 3471451 been processed.
 City: henties bay City ID: 3356832 been processed.
 City: broome City ID: 2075720 been processed.
 City: scarborough City ID: 3573703 been processed.
 City barawe so : weather data not found
 City: waterlooville City ID: 2634686 been processed.
 City: asfi City ID: 2537881 been processed.
 City: bambous virieux City ID: 1106677 been processed.
 City: quelimane City ID: 1028434 been processed.
 City: umba City ID: 479071 been processed.
 City: new norfolk City ID: 2155415 been processed.
 City: natal City ID: 3394023 been processed.
 City: kamennogorsk City ID: 553518 been processed.
 City: portland City ID: 2152667 been processed.
 City: hambantota City ID: 1244926 been processed.
 City: shahpur City ID: 1256722 been processed.
 City: kodiak City ID: 5866583 been processed.
 City: eureka City ID: 5563397 been processed.
 City: cayenne City ID: 3382160 been processed.
 City: chokurdakh City ID: 2126123 been processed.
 City: sisimiut City ID: 3419842 been processed.
 City: pevek City ID: 2122090 been processed.
 City: scottsbluff City ID: 5699404 been processed.
 City: puerto maldonado City ID: 3931470 been processed.
 City: souillac City ID: 933995 been processed.
 City: robertsport City ID: 2274275 been processed.
 City nguiu au : weather data not found
 City: ambilobe City ID: 1082243 been processed.
 City: kuito City ID: 3348078 been processed.
 City lata sb : weather data not found
 City: kadoma City ID: 889453 been processed.
 City: calvinia City ID: 3369174 been processed.
 City: usvyaty City ID: 477774 been processed.
 City: nago City ID: 1856068 been processed.
 City: wukari City ID: 2318921 been processed.
 City: xingyi City ID: 1787599 been processed.
 City barentsburg sj : weather data not found
 City: royan City ID: 2982343 been processed.
 City: warrington City ID: 4177465 been processed.
 City: tazovskiy City ID: 1489853 been processed.
 City: agirish City ID: 1512101 been processed.
 City: ossora City ID: 2122389 been processed.
 City: viet tri City ID: 1562820 been processed.
 City: tuktoyaktuk City ID: 6170031 been processed.
 City: los llanos de aridane City ID: 2514651 been processed.
 City: tura City ID: 2014833 been processed.
 City: coihaique City ID: 3894426 been processed.
 City: gabu City ID: 2372532 been processed.
 City doctor pedro p. pena py : weather data not found
 City: the valley City ID: 3573374 been processed.
 City: kaduy City ID: 554535 been processed.
 City: longyearbyen City ID: 2729907 been processed.
 City: tuatapere City ID: 2180815 been processed.
 City: kota kinabalu City ID: 1733432 been processed.
 City: gopalpur City ID: 1270961 been processed.
 City: cockburn town City ID: 3576994 been processed.
 City: norman wells City ID: 6089245 been processed.
 City: estacion coahuila City ID: 3979494 been processed.
 City: yeppoon City ID: 2142316 been processed.
 City: gondanglegi City ID: 1640660 been processed.
 City: yatou City ID: 1786855 been processed.
 City: mogadishu City ID: 53654 been processed.
 City: urucara City ID: 3385670 been processed.
 City: medina City ID: 5162517 been processed.
 City: flin flon City ID: 5954718 been processed.
 City: siilinjarvi City ID: 636947 been processed.
 City bayir jo : weather data not found
 City attawapiskat ca : weather data not found
 City: vardo City ID: 777019 been processed.
 City: santa rosa City ID: 3904793 been processed.
 City: lakes entrance City ID: 2160735 been processed.
 City: dzhebariki-khaya City ID: 2024626 been processed.
 City: grindavik City ID: 3416888 been processed.
 City samusu ws : weather data not found
 City satitoa ws : weather data not found
 City: dandong City ID: 2037886 been processed.
 City: saldanha City ID: 3361934 been processed.
 City: mulege City ID: 3995236 been processed.
 City: okhotsk City ID: 2122605 been processed.
 City: alghero City ID: 3183284 been processed.
 City: mugur-aksy City ID: 1498283 been processed.
 City: bhimunipatnam City ID: 1275930 been processed.
 City: sinnamary City ID: 3380290 been processed.
 City: geraldton City ID: 5960603 been processed.
 City: brae City ID: 2654970 been processed.
 City: plouzane City ID: 2986626 been processed.
 City: isangel City ID: 2136825 been processed.
 City: shenjiamen City ID: 1795632 been processed.
 City liku wf : weather data not found
 City: murmashi City ID: 524299 been processed.
 City: pisco City ID: 3932145 been processed.
 City: saskylakh City ID: 2017155 been processed.
 City: huarmey City ID: 3939168 been processed.
 City: san quintin City ID: 3984997 been processed.
 City ozgon kg : weather data not found
 City: tambacounda City ID: 2244991 been processed.
 City: fortuna City ID: 5563839 been processed.
 City nizhneyansk ru : weather data not found
 City: villa carlos paz City ID: 3832791 been processed.
 City: esfarayen City ID: 135298 been processed.
 City: kyaikto City ID: 1317375 been processed.
 City: urusha City ID: 2014078 been processed.
 City: ladushkin City ID: 537229 been processed.
 City: ola City ID: 2122574 been processed.
 City: uyuni City ID: 3901903 been processed.
 City: westport City ID: 2960970 been processed.
 City: marathon City ID: 5261790 been processed.
 City: barrow City ID: 5880054 been processed.
 City: mitchell City ID: 5229794 been processed.
 City: faanui City ID: 4034551 been processed.
 City: bloomingdale City ID: 4148207 been processed.
 City: ormilia City ID: 734868 been processed.
 City: hithadhoo City ID: 1282256 been processed.
 City: bassila City ID: 2395261 been processed.
 City: atuona City ID: 4020109 been processed.
 City: fairbanks City ID: 5861897 been processed.
 City: uga City ID: 2320920 been processed.
 City yandoon mm : weather data not found
 City: san cristobal City ID: 3651949 been processed.
 City: kamenskiy City ID: 553416 been processed.
 City belushya guba ru : weather data not found
 City: sao felix do xingu City ID: 3388847 been processed.
 City: breves City ID: 3404817 been processed.
 City: savyntsi City ID: 694752 been processed.
 City: ciugud City ID: 681466 been processed.
 City: mount gambier City ID: 2156643 been processed.
 City: hovd City ID: 1516048 been processed.
 City: assiniboia City ID: 5887798 been processed.
 City: smithers City ID: 6149996 been processed.
 City: pangody City ID: 1495626 been processed.
 City: anadyr City ID: 2127202 been processed.
 City: kemin City ID: 1528606 been processed.
 City: tskaltubo City ID: 613607 been processed.
 City: ponta do sol City ID: 2264557 been processed.
 City toliary mg : weather data not found
 City: shimanovsk City ID: 2016701 been processed.
 City: batticaloa City ID: 1250161 been processed.
 City payo ph : weather data not found
 City tambura sd : weather data not found
 City: menongue City ID: 3347353 been processed.
 City: talnakh City ID: 1490256 been processed.
 City: caravelas City ID: 3466980 been processed.
 City samalaeulu ws : weather data not found
 City: futtsu City ID: 1863713 been processed.
 City: salinas City ID: 3652100 been processed.
 City nao-me-toque br : weather data not found
 City: burnie City ID: 2173125 been processed.
 City: casas grandes City ID: 4015076 been processed.
 City: sistranda City ID: 3139597 been processed.
 City: arlit City ID: 2447513 been processed.
 City: naze City ID: 1855540 been processed.
 City: zhanaozen City ID: 607610 been processed.
 City avera pf : weather data not found
 City: ugoofaaru City ID: 1337619 been processed.
 City: kandrian City ID: 2094746 been processed.
 City: cotonou City ID: 2394819 been processed.
 City: bageshwar City ID: 1277907 been processed.
 City: tongzi City ID: 1799686 been processed.
 City: olafsvik City ID: 3414079 been processed.
 City: catuday City ID: 1717787 been processed.
 City: ahipara City ID: 2194098 been processed.
 City: la ronge City ID: 6050066 been processed.
 City: zhangye City ID: 1785036 been processed.
 City: alta floresta City ID: 6316343 been processed.
 City: padang City ID: 1633419 been processed.
 City: duliagaon City ID: 1272259 been processed.
 City formoso do araguaia br : weather data not found
 City: payson City ID: 5779548 been processed.
 City: pandan City ID: 1695546 been processed.
 City: kalakamati City ID: 933390 been processed.
 City: nogliki City ID: 2122783 been processed.
 City: vikhorevka City ID: 2013399 been processed.
 City lolua tv : weather data not found
 City: bozhou City ID: 1816234 been processed.
 City: ancud City ID: 3899695 been processed.
 City: paracuru City ID: 3393115 been processed.
 City malwan in : weather data not found
 City lasa cn : weather data not found
 City: coruripe City ID: 3465329 been processed.
 City: iqaluit City ID: 5983720 been processed.
 City ituni gy : weather data not found
 City: axim City ID: 2303611 been processed.
 City: narsaq City ID: 3421719 been processed.
 City: antalaha City ID: 1071296 been processed.
 City: lloydminster City ID: 6058024 been processed.
 City bargal so : weather data not found
 City: aksarka City ID: 1512019 been processed.
 City: paita City ID: 3694112 been processed.
 City: buritama City ID: 3468789 been processed.
 City rungata ki : weather data not found
 City kapoeta sd : weather data not found
 City: biak City ID: 1637001 been processed.
 City: vila velha City ID: 3445026 been processed.
 City: havoysund City ID: 779622 been processed.
 City: katobu City ID: 1640972 been processed.
 City: sao joao da barra City ID: 3448903 been processed.
 City: bodden town City ID: 3580733 been processed.
 City: pangnirtung City ID: 6096551 been processed.
 City: garden city City ID: 4993659 been processed.
 City: siderno City ID: 6540819 been processed.
 City umzimvubu za : weather data not found
 City: shingu City ID: 1847947 been processed.
 City: bobon City ID: 1724535 been processed.
 City: waipawa City ID: 2206874 been processed.
 City: lerwick City ID: 2644605 been processed.
 City: jalu City ID: 86049 been processed.
 City: heihe City ID: 2036973 been processed.
 City: kawalu City ID: 1640902 been processed.
 City: usinsk City ID: 863061 been processed.
 City: jiamusi City ID: 2036581 been processed.
 City: altamont City ID: 5711149 been processed.
 City: cascais City ID: 2269594 been processed.
 City: progreso City ID: 3702509 been processed.
 City: lagoa City ID: 3372964 been processed.
 City: vestmanna City ID: 2610343 been processed.
 City: victoria City ID: 241131 been processed.
 City: belle fourche City ID: 5762718 been processed.
 City: jishou City ID: 1805270 been processed.
 City: madera City ID: 3996956 been processed.
 City: te anau City ID: 2181625 been processed.
 City: olinda City ID: 3393536 been processed.
 City: bilma City ID: 2446796 been processed.
 City: plettenberg bay City ID: 964712 been processed.
 City: entebbe City ID: 233508 been processed.
 City: gornopravdinsk City ID: 1506268 been processed.
 City: okato City ID: 2185763 been processed.
 City: vila franca do campo City ID: 3372472 been processed.
 City: nome City ID: 5870133 been processed.
 City: sitka City ID: 5557293 been processed.
 City: lompoc City ID: 5367788 been processed.
 City: bacolod City ID: 1729564 been processed.
 City: severo-kurilsk City ID: 2121385 been processed.
 City: dryden City ID: 5942913 been processed.
 City: nhulunbuy City ID: 2064735 been processed.
 City: joensuu City ID: 655808 been processed.
 City kachikau bw : weather data not found
 City jujuy ar : weather data not found
 City: vohibinany City ID: 1054035 been processed.
 City siutu ws : weather data not found
 City: storforshei City ID: 3145614 been processed.
 City: rocha City ID: 3440777 been processed.
 City: tilichiki City ID: 2120591 been processed.
 City: port-gentil City ID: 2396518 been processed.
 City: aykhal City ID: 2027296 been processed.
 City: omboue City ID: 2396853 been processed.
 City: yerbogachen City ID: 2012956 been processed.
 City paradwip in : weather data not found
 City: katsuura City ID: 2112309 been processed.
 City: isiro City ID: 215771 been processed.
 City: westerland City ID: 2810284 been processed.
 City: soe City ID: 1626703 been processed.
 City: moscow City ID: 5601538 been processed.
 City: vostok City ID: 2013279 been processed.
 City: umuarama City ID: 3445782 been processed.
 City: fez City ID: 2548885 been processed.
 City: kununurra City ID: 2068110 been processed.
 City: moose factory City ID: 6078372 been processed.
 City: esperance City ID: 2071860 been processed.
 City: belaya gora City ID: 2126785 been processed.
 City: chifeng City ID: 2038067 been processed.
 City: umm kaddadah City ID: 364933 been processed.
 City: macau City ID: 3395998 been processed.
 City: lokosovo City ID: 1500399 been processed.
 City: chara City ID: 2025630 been processed.
 City: terrace City ID: 6162949 been processed.
 City: ashtabula City ID: 5146092 been processed.
 City: big spring City ID: 5517061 been processed.
 City manzil tamim tn : weather data not found
 City: mount isa City ID: 2065594 been processed.
 City: namibe City ID: 3347019 been processed.
 City mahadday weyne so : weather data not found
 City: baley City ID: 2027184 been processed.
 City: cairns City ID: 2172797 been processed.
 City: ishigaki City ID: 1861416 been processed.
 City: margate City ID: 978895 been processed.
 City: gimli City ID: 5961417 been processed.
 City: mangrol City ID: 1263752 been processed.
 City: hamilton City ID: 3573197 been processed.
 City sumbawa id : weather data not found
 City: muros City ID: 3115824 been processed.
 City: ondjiva City ID: 3346821 been processed.
 City san ignacio bo : weather data not found
 City: salalah City ID: 286621 been processed.
 City: berlevag City ID: 780687 been processed.
 City: maceio City ID: 3395981 been processed.
 City: harper City ID: 2276492 been processed.
 City: luganville City ID: 2136150 been processed.
 City: buluang City ID: 1722803 been processed.
 City: yahotyn City ID: 688587 been processed.
 City: worland City ID: 5843495 been processed.
 City: matara City ID: 1235846 been processed.
 City: ramanuj ganj City ID: 1258731 been processed.
 City: veraval City ID: 1253237 been processed.
 City: phalaborwa City ID: 965528 been processed.
 City: al City ID: 3163410 been processed.
 City louisbourg ca : weather data not found
 City: pandaria City ID: 1260556 been processed.
 City: kirakira City ID: 2178753 been processed.
 City: boguchany City ID: 1509844 been processed.
 City mys shmidta ru : weather data not found
 City: burayevo City ID: 570868 been processed.
 City: makhu City ID: 1264215 been processed.
 City: yulara City ID: 6355222 been processed.
 City: hiroshima City ID: 1862415 been processed.
 City: adrar City ID: 2508807 been processed.
 City: cartama City ID: 2520055 been processed.
 City: peleduy City ID: 2018069 been processed.
 City: yurga City ID: 1485724 been processed.
 City: verkhnevilyuysk City ID: 2013639 been processed.
 City: lakota City ID: 2285449 been processed.
 City: cabo san lucas City ID: 3985710 been processed.
 City: rjukan City ID: 3141682 been processed.
 City: alice springs City ID: 2077895 been processed.
 City skalistyy ru : weather data not found
 City: basoko City ID: 219414 been processed.
 City: aljezur City ID: 2271968 been processed.
 City: hami City ID: 1529484 been processed.
 City: beringovskiy City ID: 2126710 been processed.
 City: setermoen City ID: 3139765 been processed.
 City: namatanai City ID: 2090021 been processed.
 City: bushenyi City ID: 234081 been processed.
 City dekoa cf : weather data not found
 City dzhusaly kz : weather data not found
 City: hasaki City ID: 2112802 been processed.
 City: remedios City ID: 3670899 been processed.
 City: zhicheng City ID: 1784554 been processed.
 City: isla vista City ID: 5359864 been processed.
 City: mareeba City ID: 2158767 been processed.
 City: itarema City ID: 3393692 been processed.
 City: dingle City ID: 2964782 been processed.
 City: cilegon City ID: 1627549 been processed.
 City: carballo City ID: 3126369 been processed.
 City: peski City ID: 510512 been processed.
 City: kattivakkam City ID: 1267433 been processed.
 City: mwinilunga City ID: 902620 been processed.
 City: mpika City ID: 905846 been processed.
 City: meulaboh City ID: 1214488 been processed.
 City: orangeburg City ID: 4590184 been processed.
 City: meteti City ID: 3704327 been processed.
 City: qiongshan City ID: 1797535 been processed.
 City: itaqui City ID: 3460629 been processed.
 City scottsburgh za : weather data not found
 City: constitucion City ID: 3893726 been processed.
 City: saint-francois City ID: 3578441 been processed.
 City: grand-santi City ID: 3381538 been processed.
 City: poronaysk City ID: 2121909 been processed.
 City: brosteni City ID: 683637 been processed.
 City: black river City ID: 3491355 been processed.
 City: houma City ID: 4328010 been processed.
 City: nanortalik City ID: 3421765 been processed.
 City: inuvik City ID: 5983607 been processed.
 City: benjamin constant City ID: 3665016 been processed.
 City: atlantic city City ID: 4500546 been processed.
 City bolungarvik is : weather data not found
 City: vanavara City ID: 2013727 been processed.
 City: bekwai City ID: 2303224 been processed.
 City: la asuncion City ID: 3480908 been processed.
 City: nata City ID: 933238 been processed.
 City tumannyy ru : weather data not found
 City: omsukchan City ID: 2122493 been processed.
 City: juneau City ID: 5554072 been processed.
 City: bahia honda City ID: 3567995 been processed.
 City: maamba City ID: 908718 been processed.
 City: san rafael City ID: 3836669 been processed.
 City: kysyl-syr City ID: 2021017 been processed.
 City: dawei City ID: 1293625 been processed.
 City: babol City ID: 142363 been processed.
 City tabarqah tn : weather data not found
 City: athabasca City ID: 5887916 been processed.
 City: ongandjera City ID: 3354178 been processed.
 City: antigonish City ID: 5886182 been processed.
 City: bridlington City ID: 2654728 been processed.
 City: egvekinot City ID: 4031742 been processed.
 City: yerofey pavlovich City ID: 2012938 been processed.
 City: ayotzintepec City ID: 3532510 been processed.
 City: sestri levante City ID: 3166595 been processed.
 City karaul ru : weather data not found
 City: teahupoo City ID: 4033543 been processed.
 City: qasigiannguit City ID: 3420768 been processed.
 City tabiauea ki : weather data not found
 City: takoradi City ID: 2294915 been processed.
 City: lubango City ID: 3347762 been processed.
 City: bryan City ID: 4677008 been processed.
 City: lao cai City ID: 1576303 been processed.
 City: novyy svit City ID: 698861 been processed.
 City: qui nhon City ID: 1568574 been processed.
 City wahran dz : weather data not found
 City: college City ID: 5859699 been processed.
 City: havre-saint-pierre City ID: 5972291 been processed.
 City: zhezkazgan City ID: 1516589 been processed.
 City aflu dz : weather data not found
 City: sioux lookout City ID: 6148373 been processed.
 City: kalanchak City ID: 707232 been processed.
 City: gasa City ID: 1252578 been processed.
 City: san carlos de bariloche City ID: 7647007 been processed.
 City: khrebtovaya City ID: 2022232 been processed.
 City skalnyy ru : weather data not found
 City: dumai City ID: 1645133 been processed.
 City: sulangan City ID: 1685422 been processed.
 City: banda aceh City ID: 1215502 been processed.
 City: astana City ID: 1526273 been processed.
 City: saint-pierre City ID: 3424934 been processed.
 City haibowan cn : weather data not found
 City: puerto ayacucho City ID: 3629710 been processed.
 City: cukai City ID: 1732945 been processed.
 City: kazachinskoye City ID: 1504075 been processed.
 City: hobyo City ID: 57000 been processed.
 City barbar sd : weather data not found
 City: biloela City ID: 2175819 been processed.
 City: azare City ID: 2348595 been processed.
 City: sakakah City ID: 102527 been processed.
 City: turayf City ID: 101312 been processed.
 City: ilulissat City ID: 3423146 been processed.
 City: palu City ID: 1633034 been processed.
 City: mahibadhoo City ID: 1337605 been processed.
 City: ca mau City ID: 1586443 been processed.
 City: pervomayskiy City ID: 510911 been processed.
 City: inhambane City ID: 1045114 been processed.
 City: bonfim City ID: 3405215 been processed.
 City: raudeberg City ID: 3146487 been processed.
 City: sarangani City ID: 1687186 been processed.
 City: orizona City ID: 3455786 been processed.
 City: amantea City ID: 2525727 been processed.
 City: nokaneng City ID: 933211 been processed.
 City: wuwei City ID: 1803936 been processed.
 City: ostrovnoy City ID: 556268 been processed.
 City: ayagoz City ID: 1525988 been processed.
 City: winnemucca City ID: 5710360 been processed.
 City: presidente medici City ID: 3924872 been processed.
 City: aktash City ID: 1511997 been processed.
 City: cherskiy City ID: 2126199 been processed.
 City: alofi City ID: 4036284 been processed.
 City: kokopo City ID: 2093685 been processed.
 City kralendijk an : weather data not found
 City: qala City ID: 2562655 been processed.
 City: tavda City ID: 1489962 been processed.
 City: trairi City ID: 3386177 been processed.
 City: brandfort City ID: 1015969 been processed.
 City: tarauaca City ID: 3661980 been processed.
 City abiy adi et : weather data not found
 City: trinidad City ID: 5442007 been processed.
 City: drexel heights City ID: 5293183 been processed.
 City: tessalit City ID: 2449893 been processed.
 City: itacarambi City ID: 3460942 been processed.
 City thilogne sn : weather data not found
 City: ransang City ID: 1691872 been processed.
 City: jabinyanah City ID: 2470260 been processed.
 City: blagoyevo City ID: 576093 been processed.
 City: havelock City ID: 4470244 been processed.
 City: shimoda City ID: 1852357 been processed.
 City: maltahohe City ID: 3355624 been processed.
 City: san jose City ID: 3590069 been processed.
 City: thunder bay City ID: 6166142 been processed.
 City: yurimaguas City ID: 3690654 been processed.
 City: severomuysk City ID: 2016907 been processed.
 City: banikoara City ID: 2395317 been processed.
 City: quime City ID: 3906765 been processed.
 City: dubti City ID: 338554 been processed.
 City: olbia City ID: 6540127 been processed.
 City saleaula ws : weather data not found
 City: kupang City ID: 2057087 been processed.
 City: pontian kecil City ID: 1732711 been processed.
 City: bathurst City ID: 6696259 been processed.
 City: aleksandrovka City ID: 583030 been processed.
 City: kloulklubed City ID: 7671223 been processed.
 City: udachnyy City ID: 2014624 been processed.
 City: labuhan City ID: 8079926 been processed.
 City: ajdabiya City ID: 89113 been processed.
 City: graneros City ID: 3888749 been processed.
 City: zhuhai City ID: 1790437 been processed.
 City: paamiut City ID: 3421193 been processed.
 City: nortelandia City ID: 3456248 been processed.
 City kamenskoye ru : weather data not found
 City: peniche City ID: 2264923 been processed.
 City: bernalda City ID: 3182153 been processed.
 City: flinders City ID: 6255012 been processed.
 City: tutoia City ID: 3385899 been processed.
 City cheuskiny ru : weather data not found
 City: ploemeur City ID: 2986732 been processed.
 City: hervey bay City ID: 2146219 been processed.
