 City: thompson City ID: 6165406 been processed.
 City viligili mv : weather data not found
 City: muisne City ID: 3653967 been processed.
 City: saint-philippe City ID: 935215 been processed.
 City airai pw : weather data not found
 City: arraial do cabo City ID: 3471451 been processed.
 City: albany City ID: 2077963 been processed.
 City: port alfred City ID: 964432 been processed.
 City: ushuaia City ID: 3833367 been processed.
 City: manono City ID: 209598 been processed.
 City: mahebourg City ID: 934322 been processed.
 City: santa catarina de tepehuanes City ID: 3984571 been processed.
 City mataura pf : weather data not found
 City: sao felix do xingu City ID: 3388847 been processed.
 City: astoria City ID: 5711847 been processed.
 City: severo-kurilsk City ID: 2121385 been processed.
 City: thinadhoo City ID: 1337610 been processed.
 City: east london City ID: 1006984 been processed.
 City: aktau City ID: 610612 been processed.
 City: fairbanks City ID: 5861897 been processed.
 City: new norfolk City ID: 2155415 been processed.
 City: kaliua City ID: 158514 been processed.
 City: laval City ID: 3005866 been processed.
 City: moose factory City ID: 6078372 been processed.
 City: ponta do sol City ID: 3374346 been processed.
 City: guiuan City ID: 1712206 been processed.
 City: yakovlevka City ID: 2013176 been processed.
 City ngukurr au : weather data not found
 City: villazon City ID: 3901501 been processed.
 City: carnarvon City ID: 2074865 been processed.
 City: lebu City ID: 3883457 been processed.
 City: kaitangata City ID: 2208248 been processed.
 City: ribeira grande City ID: 3372707 been processed.
 City: punta arenas City ID: 3874787 been processed.
 City: kolpny City ID: 546092 been processed.
 City: saint george City ID: 3573061 been processed.
 City: touros City ID: 3386213 been processed.
 City: sabha City ID: 2212775 been processed.
 City: havelock City ID: 4470244 been processed.
 City: nekhayevskiy City ID: 522902 been processed.
 City: castro City ID: 3896218 been processed.
 City: stokmarknes City ID: 3136690 been processed.
 City: nikolskoye City ID: 546105 been processed.
 City: anadyr City ID: 2127202 been processed.
 City: port hardy City ID: 6111862 been processed.
 City: leh City ID: 1264976 been processed.
 City: margate City ID: 978895 been processed.
 City: upington City ID: 945945 been processed.
 City: karasuk City ID: 1504489 been processed.
 City umzimvubu za : weather data not found
 City: butaritari City ID: 2110227 been processed.
 City: hithadhoo City ID: 1282256 been processed.
 City saint anthony ca : weather data not found
 City: bengkulu City ID: 1649150 been processed.
 City: souillac City ID: 933995 been processed.
 City: harper City ID: 2276492 been processed.
 City: nalut City ID: 2214432 been processed.
 City: hilo City ID: 5855927 been processed.
 City mys shmidta ru : weather data not found
 City: rikitea City ID: 4030556 been processed.
 City: chokurdakh City ID: 2126123 been processed.
 City: san-pedro City ID: 2282006 been processed.
 City: yellowknife City ID: 6185377 been processed.
 City: vaini City ID: 4032243 been processed.
 City: kapaa City ID: 5848280 been processed.
 City: vila velha City ID: 3445026 been processed.
 City: tiksi City ID: 2015306 been processed.
 City: najran City ID: 103630 been processed.
 City: voh City ID: 2137748 been processed.
 City: nantucket City ID: 4944903 been processed.
 City: hermanus City ID: 3366880 been processed.
 City: urumqi City ID: 1529102 been processed.
 City: qaanaaq City ID: 3831208 been processed.
 City attawapiskat ca : weather data not found
 City: ostrovnoy City ID: 556268 been processed.
 City tsihombe mg : weather data not found
 City: tateyama City ID: 1850523 been processed.
 City: sioux lookout City ID: 6148373 been processed.
 City: wangou City ID: 2034226 been processed.
 City: xining City ID: 1788852 been processed.
 City: santa maria City ID: 3374218 been processed.
 City: kruisfontein City ID: 986717 been processed.
 City: mar del plata City ID: 3430863 been processed.
 City: seka City ID: 1606343 been processed.
 City: ponta delgada City ID: 3372783 been processed.
 City: sorong City ID: 1626542 been processed.
 City: andra City ID: 1511646 been processed.
 City: busselton City ID: 2075265 been processed.
 City: sobolevo City ID: 525426 been processed.
 City: itarema City ID: 3393692 been processed.
 City: bubaque City ID: 2374583 been processed.
 City: kirakira City ID: 2178753 been processed.
 City: kankan City ID: 2419992 been processed.
 City: nabire City ID: 1634614 been processed.
 City: orlik City ID: 1496073 been processed.
 City: georgetown City ID: 4693342 been processed.
 City: jodhpur City ID: 1268865 been processed.
 City: atar City ID: 2381334 been processed.
 City: yarmouth City ID: 6185217 been processed.
 City: marsa matruh City ID: 352733 been processed.
 City belushya guba ru : weather data not found
 City: nkhata bay City ID: 924732 been processed.
 City: puerto ayora City ID: 3652764 been processed.
 City: karratha City ID: 6620339 been processed.
 City: eureka City ID: 5563397 been processed.
 City: bredasdorp City ID: 1015776 been processed.
 City: avarua City ID: 4035715 been processed.
 City: haines junction City ID: 5969025 been processed.
 City: whitianga City ID: 2179103 been processed.
 City: ulaangom City ID: 1515029 been processed.
 City: narsaq City ID: 3421719 been processed.
 City: mattawa City ID: 6067959 been processed.
 City: torbay City ID: 6167817 been processed.
 City: provideniya City ID: 4031574 been processed.
 City: sigli City ID: 1213821 been processed.
 City: mount gambier City ID: 2156643 been processed.
 City: creston City ID: 5932311 been processed.
 City: cape town City ID: 3369157 been processed.
 City: leiyang City ID: 1804208 been processed.
 City: mehamn City ID: 778707 been processed.
 City: cherskiy City ID: 2126199 been processed.
 City: australind City ID: 2077454 been processed.
 City sorvag fo : weather data not found
 City: bluff City ID: 2206939 been processed.
 City: maniitsoq City ID: 3421982 been processed.
 City burica pa : weather data not found
 City: bajil City ID: 77408 been processed.
 City: ahipara City ID: 2194098 been processed.
 City: jamestown City ID: 3370903 been processed.
 City: victoria City ID: 241131 been processed.
 City: port lincoln City ID: 2063036 been processed.
 City: andilamena City ID: 1076194 been processed.
 City: salalah City ID: 286621 been processed.
 City bababe mr : weather data not found
 City: koumac City ID: 2140558 been processed.
 City: khatanga City ID: 2022572 been processed.
 City: chulym City ID: 1507679 been processed.
 City: zalantun City ID: 2033225 been processed.
 City: jintur City ID: 1268896 been processed.
 City: churapcha City ID: 2025241 been processed.
 City: kaeo City ID: 2189343 been processed.
 City: boa vista City ID: 3664980 been processed.
 City: fuyang City ID: 1810845 been processed.
 City: chiredzi City ID: 893485 been processed.
 City: demyansk City ID: 566629 been processed.
 City: santana City ID: 3668594 been processed.
 City: antibes City ID: 3037456 been processed.
 City: olavarria City ID: 3842670 been processed.
 City: saint-georges City ID: 3380402 been processed.
 City: grenaa City ID: 2621230 been processed.
 City: dikson City ID: 1507390 been processed.
 City: carballo City ID: 3126369 been processed.
 City: maralal City ID: 187725 been processed.
 City: lazaro cardenas City ID: 4026082 been processed.
 City: basco City ID: 1726449 been processed.
 City: tasiilaq City ID: 3424607 been processed.
 City zlobin by : weather data not found
 City: kikwit City ID: 2314705 been processed.
 City saleaula ws : weather data not found
 City: juneau City ID: 5554072 been processed.
 City: nanortalik City ID: 3421765 been processed.
 City: bogorodskoye City ID: 575521 been processed.
 City: atuona City ID: 4020109 been processed.
 City: sao jose de ribamar City ID: 3388441 been processed.
 City: newcastle City ID: 2155472 been processed.
 City sentyabrskiy ru : weather data not found
 City: college City ID: 5859699 been processed.
 City: kodiak City ID: 5866583 been processed.
 City: kamensk-uralskiy City ID: 1504826 been processed.
 City stoyba ru : weather data not found
 City: sambava City ID: 1056899 been processed.
 City: bolobo City ID: 2316748 been processed.
 City: oborniki City ID: 3090403 been processed.
 City: sola City ID: 2134814 been processed.
 City: kostomuksha City ID: 543899 been processed.
 City: kyabe City ID: 2429344 been processed.
 City: mujiayingzi City ID: 2035707 been processed.
 City: haapiti City ID: 4034438 been processed.
 City: esperance City ID: 2071860 been processed.
 City barentsburg sj : weather data not found
 City: taoudenni City ID: 2450173 been processed.
 City: saldanha City ID: 3361934 been processed.
 City: severnoye City ID: 1492607 been processed.
 City: noumea City ID: 2139521 been processed.
 City: bemidji City ID: 5017822 been processed.
 City tumannyy ru : weather data not found
 City: tuktoyaktuk City ID: 6170031 been processed.
 City: cabedelo City ID: 3404558 been processed.
 City: san miguel City ID: 3707899 been processed.
 City: krasnoselkup City ID: 1502073 been processed.
 City: almeirim City ID: 3407903 been processed.
 City: port elizabeth City ID: 964420 been processed.
 City: zhangjiakou City ID: 2033196 been processed.
 City: dudinka City ID: 1507116 been processed.
 City: henties bay City ID: 3356832 been processed.
 City: angoche City ID: 1052944 been processed.
 City: mackenzie City ID: 6063191 been processed.
 City: aklavik City ID: 5882953 been processed.
 City taolanaro mg : weather data not found
 City: tessalit City ID: 2449893 been processed.
 City riaba gq : weather data not found
 City: bundaberg City ID: 2173323 been processed.
 City: hobyo City ID: 57000 been processed.
 City: miri City ID: 1738050 been processed.
 City: darovskoy City ID: 567047 been processed.
 City: lavrentiya City ID: 4031637 been processed.
 City: qui nhon City ID: 1568574 been processed.
 City: kaduy City ID: 554535 been processed.
 City: dickson City ID: 4618057 been processed.
 City: iqaluit City ID: 5983720 been processed.
 City: ilulissat City ID: 3423146 been processed.
 City: glendive City ID: 5654391 been processed.
 City: skjervoy City ID: 777682 been processed.
 City: hobart City ID: 2163355 been processed.
 City: iquitos City ID: 3696183 been processed.
 City: axim City ID: 2303611 been processed.
 City: shellbrook City ID: 6145951 been processed.
 City: sasayama City ID: 1852901 been processed.
 City nizhneyansk ru : weather data not found
 City: pevek City ID: 2122090 been processed.
 City: laguna City ID: 3459094 been processed.
 City: sao jose da coroa grande City ID: 3388456 been processed.
 City: bethel City ID: 5282297 been processed.
 City: norman wells City ID: 6089245 been processed.
 City: tondano City ID: 1623424 been processed.
 City: snasa City ID: 3138076 been processed.
 City: roma City ID: 2151187 been processed.
 City palabuhanratu id : weather data not found
 City: mugur-aksy City ID: 1498283 been processed.
 City: bambous virieux City ID: 1106677 been processed.
 City: kloulklubed City ID: 7671223 been processed.
 City: porbandar City ID: 1259395 been processed.
 City: nemuro City ID: 2128975 been processed.
 City: san cristobal City ID: 3651949 been processed.
 City: klaksvik City ID: 2618795 been processed.
 City: yamoussoukro City ID: 2279755 been processed.
 City: takhtamygda City ID: 2015707 been processed.
 City: dunedin City ID: 2191562 been processed.
 City ginda er : weather data not found
 City: caravelas City ID: 3466980 been processed.
 City: pisco City ID: 3932145 been processed.
 City: san quintin City ID: 3984997 been processed.
 City: murmashi City ID: 524299 been processed.
 City: nicoya City ID: 3622716 been processed.
 City: guerrero negro City ID: 4021858 been processed.
 City: ahwa City ID: 1279213 been processed.
 City: peniche City ID: 2264923 been processed.
 City: kiunga City ID: 2093846 been processed.
 City: port macquarie City ID: 2152659 been processed.
 City: hirara City ID: 1862505 been processed.
 City lata sb : weather data not found
 City: cidreira City ID: 3466165 been processed.
 City: kiruna City ID: 605155 been processed.
 City: warwick City ID: 2144502 been processed.
 City: bodden town City ID: 3580733 been processed.
 City: faanui City ID: 4034551 been processed.
 City: puerto cabezas City ID: 3617154 been processed.
 City jakoruda bg : weather data not found
 City: hue City ID: 1580240 been processed.
 City: lokosovo City ID: 1500399 been processed.
 City: beringovskiy City ID: 2126710 been processed.
 City: almaznyy City ID: 582447 been processed.
 City: erzin City ID: 1506938 been processed.
 City doha kw : weather data not found
 City: fort nelson City ID: 5955902 been processed.
 City: qom City ID: 119208 been processed.
 City: saint-pierre City ID: 3424934 been processed.
 City: vestmannaeyjar City ID: 3412093 been processed.
 City: nouadhibou City ID: 2377457 been processed.
 City: richards bay City ID: 962367 been processed.
 City: livezile City ID: 674641 been processed.
 City: coos bay City ID: 5720495 been processed.
 City: adeje City ID: 2522437 been processed.
 City: tazovskiy City ID: 1489853 been processed.
 City: acapulco City ID: 3533462 been processed.
 City: grindavik City ID: 3416888 been processed.
 City: patacamaya City ID: 3908339 been processed.
 City: emerald City ID: 2167426 been processed.
 City: te anau City ID: 2181625 been processed.
 City: valverde del camino City ID: 2509835 been processed.
 City: umm lajj City ID: 100926 been processed.
 City: mukacheve City ID: 700646 been processed.
 City: kununurra City ID: 2068110 been processed.
 City: yulara City ID: 6355222 been processed.
 City: tuatapere City ID: 2180815 been processed.
 City: namtsy City ID: 2019488 been processed.
 City: la orilla City ID: 4001056 been processed.
 City: marawi City ID: 370481 been processed.
 City: suntar City ID: 2015913 been processed.
 City: crotone City ID: 2524881 been processed.
 City: severo-yeniseyskiy City ID: 1492566 been processed.
 City: kuito City ID: 3348078 been processed.
 City: aksu City ID: 1529660 been processed.
 City: gallup City ID: 5468773 been processed.
 City: alofi City ID: 4036284 been processed.
 City: murray bridge City ID: 2065176 been processed.
 City: mount isa City ID: 2065594 been processed.
 City: kavaratti City ID: 1267390 been processed.
 City: bairiki City ID: 7601762 been processed.
 City: de-kastri City ID: 2126018 been processed.
 City: silver city City ID: 5491487 been processed.
 City: luderitz City ID: 3355672 been processed.
 City: oranjemund City ID: 3354071 been processed.
 City: deputatskiy City ID: 2028164 been processed.
 City shchelyayur ru : weather data not found
 City avera pf : weather data not found
 City: irece City ID: 3461013 been processed.
 City: matara City ID: 1235846 been processed.
 City: teluknaga City ID: 1990589 been processed.
 City: olafsvik City ID: 3414079 been processed.
 City: dingle City ID: 2964782 been processed.
 City: balikpapan City ID: 1650527 been processed.
 City: jalu City ID: 86049 been processed.
 City: sao filipe City ID: 3374210 been processed.
 City: tura City ID: 2014833 been processed.
 City: upernavik City ID: 3418910 been processed.
 City: khasan City ID: 2039557 been processed.
 City: samarai City ID: 2132606 been processed.
 City: teguldet City ID: 1489822 been processed.
 City formoso do araguaia br : weather data not found
 City: katobu City ID: 1640972 been processed.
 City: teahupoo City ID: 4033543 been processed.
 City: san patricio City ID: 3985168 been processed.
 City: kushima City ID: 1895695 been processed.
 City: saskylakh City ID: 2017155 been processed.
 City: udachnyy City ID: 2014624 been processed.
 City: chauk City ID: 1327659 been processed.
 City: puerto del rosario City ID: 2512186 been processed.
 City: nadym City ID: 1498087 been processed.
 City: chuy City ID: 3443061 been processed.
 City: san carlos de bariloche City ID: 7647007 been processed.
 City: oistins City ID: 3373652 been processed.
 City: barrow City ID: 5880054 been processed.
 City: wenchi City ID: 2294086 been processed.
 City: leningradskiy City ID: 2123814 been processed.
 City: selma City ID: 5394329 been processed.
 City: broken hill City ID: 2173911 been processed.
 City: varzea da palma City ID: 3445459 been processed.
 City: humaita City ID: 3664078 been processed.
 City: cortez City ID: 5418104 been processed.
 City: camacha City ID: 2270385 been processed.
 City: fort wayne City ID: 4920423 been processed.
 City: sinnamary City ID: 3380290 been processed.
 City: dalby City ID: 2169535 been processed.
 City kamenskoye ru : weather data not found
 City: svetlogorsk City ID: 485699 been processed.
 City: aswan City ID: 359792 been processed.
 City: ankazobe City ID: 1072849 been processed.
 City: coquimbo City ID: 3893629 been processed.
 City: varhaug City ID: 3132644 been processed.
 City: colares City ID: 2269142 been processed.
 City: homer City ID: 5864145 been processed.
 City: williston City ID: 5692947 been processed.
 City: bathsheba City ID: 3374083 been processed.
 City: san jeronimo City ID: 3982846 been processed.
 City: springbok City ID: 3361142 been processed.
 City: poronaysk City ID: 2121909 been processed.
 City: westport City ID: 2960970 been processed.
 City: povenets City ID: 505820 been processed.
 City: nizhniy tsasuchey City ID: 2019118 been processed.
 City: disna City ID: 629055 been processed.
 City: kautokeino City ID: 779330 been processed.
 City: isangel City ID: 2136825 been processed.
 City: mantua City ID: 3547930 been processed.
 City promakhoi gr : weather data not found
 City: cabatuan City ID: 1721720 been processed.
 City: alta floresta City ID: 6316343 been processed.
 City: fortuna City ID: 5563839 been processed.
 City magui co : weather data not found
 City: naze City ID: 1855540 been processed.
 City illoqqortoormiut gl : weather data not found
 City: kuryk City ID: 609919 been processed.
 City: arrifes City ID: 3373329 been processed.
 City: sterling City ID: 4787534 been processed.
 City: kailua City ID: 5847486 been processed.
 City: tibati City ID: 2221530 been processed.
 City: abalak City ID: 2448245 been processed.
 City: eskil City ID: 315218 been processed.
 City: port moresby City ID: 2088122 been processed.
 City: astana City ID: 1526273 been processed.
 City tabiauea ki : weather data not found
 City: chipiona City ID: 2519477 been processed.
 City: sitka City ID: 5557293 been processed.
 City: north bend City ID: 5742974 been processed.
 City: konstantinovka City ID: 2021799 been processed.
 City: tommot City ID: 2015179 been processed.
 City: ust-nera City ID: 2120048 been processed.
 City: pyaozerskiy City ID: 503581 been processed.
 City: zion City ID: 4917358 been processed.
 City: zemio City ID: 235826 been processed.
 City: maceio City ID: 3395981 been processed.
 City: moen City ID: 3145649 been processed.
 City: arroyo City ID: 5208292 been processed.
 City: geraldton City ID: 5960603 been processed.
 City: lompoc City ID: 5367788 been processed.
 City: shizunai City ID: 2128025 been processed.
 City lasa cn : weather data not found
 City: sao joao da barra City ID: 3448903 been processed.
 City: kyren City ID: 2021031 been processed.
 City: bassila City ID: 2395261 been processed.
 City: little current City ID: 6055388 been processed.
 City: bac lieu City ID: 1591474 been processed.
 City: raghunathpur City ID: 1259049 been processed.
 City: diamantino City ID: 3464724 been processed.
 City: carbonia City ID: 2525362 been processed.
 City: zhigansk City ID: 2012530 been processed.
 City: constitucion City ID: 4011743 been processed.
 City: kangaatsiaq City ID: 3422683 been processed.
 City: parrita City ID: 3622537 been processed.
 City: tabou City ID: 2281120 been processed.
 City: pacific grove City ID: 5380437 been processed.
 City: namatanai City ID: 2090021 been processed.
 City: londonderry City ID: 2643736 been processed.
 City: shingu City ID: 1847947 been processed.
 City: changtu City ID: 2038139 been processed.
 City: kundiawa City ID: 2093059 been processed.
 City: comodoro rivadavia City ID: 3860443 been processed.
 City: alugan City ID: 1731248 been processed.
 City araguatins br : weather data not found
 City: smithers City ID: 6149996 been processed.
 City: moundsville City ID: 4815462 been processed.
 City: zaragoza City ID: 3979706 been processed.
 City: soyo City ID: 2236967 been processed.
 City: sebring City ID: 4172383 been processed.
 City: jumla City ID: 1283285 been processed.
 City: northam City ID: 2064550 been processed.
 City: garowe City ID: 58933 been processed.
 City: bukachacha City ID: 2026023 been processed.
 City: okhotsk City ID: 2122605 been processed.
 City: manggar City ID: 1636426 been processed.
 City: balad City ID: 98112 been processed.
 City: ancud City ID: 3899695 been processed.
 City: prainha City ID: 3391287 been processed.
 City: porto novo City ID: 3374336 been processed.
 City: nome City ID: 5870133 been processed.
 City rungata ki : weather data not found
 City: mayo City ID: 6068416 been processed.
 City: alamosa City ID: 5411479 been processed.
 City: nouakchott City ID: 2377450 been processed.
 City: vardo City ID: 777019 been processed.
 City: do gonbadan City ID: 136014 been processed.
 City amderma ru : weather data not found
 City: balogo City ID: 1727909 been processed.
 City: inyonga City ID: 159134 been processed.
 City: mackay City ID: 2159220 been processed.
 City: poum City ID: 2138555 been processed.
 City: la cruz City ID: 4002745 been processed.
 City vaitupu wf : weather data not found
 City: longyearbyen City ID: 2729907 been processed.
 City: hambantota City ID: 1244926 been processed.
 City: sorland City ID: 3137469 been processed.
 City puerto pinasco py : weather data not found
 City: cabo san lucas City ID: 3985710 been processed.
 City: trinidad City ID: 5442007 been processed.
 City: kieta City ID: 2094027 been processed.
 City: hami City ID: 1529484 been processed.
 City: antalaha City ID: 1071296 been processed.
 City marcona pe : weather data not found
 City: gidam City ID: 1271215 been processed.
 City: seoul City ID: 1835848 been processed.
 City: raudeberg City ID: 3146487 been processed.
 City: port blair City ID: 1259385 been processed.
 City: vawkavysk City ID: 620391 been processed.
 City: peleduy City ID: 2018069 been processed.
 City: muscat City ID: 287286 been processed.
 City: aksha City ID: 2028028 been processed.
 City: zimovniki City ID: 462522 been processed.
 City: portland City ID: 2152667 been processed.
 City: barrhead City ID: 5894164 been processed.
 City: dembi dolo City ID: 339448 been processed.
 City: domazlice City ID: 3076587 been processed.
 City: buraydah City ID: 107304 been processed.
 City: bayan City ID: 285663 been processed.
 City: hasaki City ID: 2112802 been processed.
 City: paraiso City ID: 3521912 been processed.
 City: puerto leguizamo City ID: 3671437 been processed.
 City: clyde river City ID: 5924351 been processed.
 City: davila City ID: 1715335 been processed.
 City: mga City ID: 527220 been processed.
 City: susanville City ID: 5572400 been processed.
 City: skive City ID: 2613731 been processed.
 City: akureyri City ID: 2633274 been processed.
 City: panjab City ID: 1131162 been processed.
 City: bacolod City ID: 1729564 been processed.
 City: hrubieszow City ID: 770966 been processed.
 City: nhulunbuy City ID: 2064735 been processed.
 City: rusape City ID: 882100 been processed.
 City: phalaborwa City ID: 965528 been processed.
 City: papetoai City ID: 4033910 been processed.
 City: osmena City ID: 1696983 been processed.
 City: cairns City ID: 2172797 been processed.
 City: sampit City ID: 1628884 been processed.
 City: bakhmach City ID: 712967 been processed.
 City: bud City ID: 7626370 been processed.
 City: mae chan City ID: 1152227 been processed.
 City: baracoa City ID: 3567834 been processed.
 City: takoradi City ID: 2294915 been processed.
 City: baruun-urt City ID: 2032614 been processed.
 City: daru City ID: 2098329 been processed.
 City: obo City ID: 236950 been processed.
 City: socastee City ID: 4596208 been processed.
 City: hokitika City ID: 2206894 been processed.
 City: pervomayskiy City ID: 510911 been processed.
 City: chadiza City ID: 921028 been processed.
 City dolbeau ca : weather data not found
 City: dwarka City ID: 1272140 been processed.
 City raga sd : weather data not found
 City labutta mm : weather data not found
 City jiddah sa : weather data not found
 City: beyneu City ID: 610298 been processed.
 City: cayenne City ID: 3382160 been processed.
 City: batsfjord City ID: 780717 been processed.
 City: bayshore gardens City ID: 4146934 been processed.
 City: hovd City ID: 1516048 been processed.
 City: mayumba City ID: 2399001 been processed.
 City: santa rosalia City ID: 3983805 been processed.
 City: venado tuerto City ID: 3833062 been processed.
 City: puerto gaitan City ID: 3769976 been processed.
 City: lac du bonnet City ID: 6014443 been processed.
 City: namibe City ID: 3347019 been processed.
 City: nabinagar City ID: 1262318 been processed.
 City lolua tv : weather data not found
 City: pareora City ID: 2181133 been processed.
 City: los llanos de aridane City ID: 2514651 been processed.
 City: san luis City ID: 3985665 been processed.
 City: taman City ID: 484670 been processed.
 City: bangkalan City ID: 1650298 been processed.
